[0;34m======================================================================[0m
[0;34m[1mEnvironment check[0m
[0;34m======================================================================[0m
[92m[OK] pytest: 9.0.2[0m
[92m[OK] coverage: 7.13.3[0m

[0;34m======================================================================[0m
[0;34m[1mTest collection (collect-only)[0m
[0;34m======================================================================[0m
[93m[INFO] backend: (could not parse collection output)[0m

[0;34m======================================================================[0m
[0;34m[1mRunning: Backend (Flask API and services) (full)[0m
[0;34m======================================================================[0m
ImportError while loading conftest '/mnt/data/wos_wave_final2/backend/tests/conftest.py'.
tests/conftest.py:8: in <module>
    from app import create_app
app/__init__.py:9: in <module>
    from flask import jsonify, request
E   ModuleNotFoundError: No module named 'flask'
[91m[FAIL] backend tests failed[0m

[0;34m======================================================================[0m
[0;34m[1mSummary[0m
[0;34m======================================================================[0m
[91mFAILED[0m - backend

[91m[FAIL] One or more suites failed.[0m
